[~/projects/vagrant-ansible-slony] # uptime;vagrant destroy;vagrant up;vagrant ssh -c "sudo bash /vagrant/base_setup_single_node.sh";vagrant ssh -c "psql -d pgbenchslave -c 'select count(*) from pgbench_branches;'";uptime
 11:44:08 up 31 days,  1:36,  4 users,  load average: 0,29, 0,42, 0,36
    db1: Are you sure you want to destroy the 'db1' VM? [y/N] y
==> db1: Forcing shutdown of VM...
==> db1: Destroying VM and associated drives...
Bringing machine 'db1' up with 'virtualbox' provider...
==> db1: Importing base box 'geerlingguy/centos7'...
==> db1: Matching MAC address for NAT networking...
==> db1: Checking if box 'geerlingguy/centos7' is up to date...
==> db1: Setting the name of the VM: vagrant-ansible-slony_db1_1611657870694_68609
==> db1: Clearing any previously set network interfaces...
==> db1: Preparing network interfaces based on configuration...
    db1: Adapter 1: nat
    db1: Adapter 2: hostonly
==> db1: Forwarding ports...
    db1: 22 (guest) => 2222 (host) (adapter 1)
==> db1: Running 'pre-boot' VM customizations...
==> db1: Booting VM...
==> db1: Waiting for machine to boot. This may take a few minutes...
    db1: SSH address: 127.0.0.1:2222
    db1: SSH username: vagrant
    db1: SSH auth method: private key
==> db1: Machine booted and ready!
==> db1: Checking for guest additions in VM...
    db1: The guest additions on this VM do not match the installed version of
    db1: VirtualBox! In most cases this is fine, but in rare cases it can
    db1: prevent things such as shared folders from working properly. If you see
    db1: shared folder errors, please make sure the guest additions within the
    db1: virtual machine match the version of VirtualBox you have installed on
    db1: your host and reload your VM.
    db1: 
    db1: Guest Additions Version: 6.1.16
    db1: VirtualBox Version: 5.1
==> db1: Setting hostname...
==> db1: Configuring and enabling network interfaces...
    db1: SSH address: 127.0.0.1:2222
    db1: SSH username: vagrant
    db1: SSH auth method: private key
==> db1: Mounting shared folders...
    db1: /vagrant => /home/dpitts/projects/vagrant-ansible-slony
==> db1: Running provisioner: ansible...
Vagrant has automatically selected the compatibility mode '2.0'
according to the Ansible version installed (2.9.16).

Alternatively, the compatibility mode can be specified in your Vagrantfile:
https://www.vagrantup.com/docs/provisioning/ansible_common.html#compatibility_mode

    db1: Running ansible-playbook...

PLAY [all] *********************************************************************

TASK [Gathering Facts] *********************************************************
ok: [db1]

TASK [anxs.postgresql : include_vars] ******************************************
ok: [db1] => (item=/home/dpitts/.ansible/roles/anxs.postgresql/vars/../vars/RedHat.yml)

TASK [anxs.postgresql : PostgreSQL | Make sure the CA certificates are available | apt] ***
skipping: [db1]

TASK [anxs.postgresql : PostgreSQL | Add PostgreSQL repository apt-key | apt] ***
skipping: [db1]

TASK [anxs.postgresql : PostgreSQL | Add PostgreSQL repository | apt] **********
skipping: [db1]

TASK [anxs.postgresql : PostgreSQL | Add PostgreSQL repository preferences | apt] ***
skipping: [db1]

TASK [anxs.postgresql : PostgreSQL | Make sure the dependencies are installed | apt] ***
skipping: [db1]

TASK [anxs.postgresql : PostgreSQL | Install PostgreSQL | apt] *****************
skipping: [db1]

TASK [anxs.postgresql : PostgreSQL | PGTune | apt] *****************************
skipping: [db1]

TASK [anxs.postgresql : PostgreSQL | Install all the required dependencies | yum] ***
changed: [db1]

TASK [anxs.postgresql : PostgreSQL | Add PostgreSQL repository | yum] **********
changed: [db1]

TASK [anxs.postgresql : PostgreSQL | Make sure the dependencies are installed | yum] ***
ok: [db1]

TASK [anxs.postgresql : PostgreSQL | Install PostgreSQL | yum] *****************
changed: [db1]

TASK [anxs.postgresql : PostgreSQL | Setup service users profile | yum] ********
skipping: [db1]

TASK [anxs.postgresql : PostgreSQL | Create ~/pgtab.example | yum] *************
skipping: [db1]

TASK [anxs.postgresql : PostgreSQL | Create ~/pgtab header | yum] **************
skipping: [db1]

TASK [anxs.postgresql : PostgreSQL | Create ~/pgtab Ansible warning | yum] *****
skipping: [db1]

TASK [anxs.postgresql : PostgreSQL | Add database to ~/pgtab | yum] ************
skipping: [db1]

TASK [anxs.postgresql : PostgreSQL | PGTune | yum] *****************************
skipping: [db1]

TASK [anxs.postgresql : PostgrSQL | Install all the required depedencies | dnf] ***
skipping: [db1]

TASK [anxs.postgresql : PostgreSQL | Add yum Repository | dnf] *****************
skipping: [db1]

TASK [anxs.postgresql : PostgreSQL | Install PostgreSQL | dnf] *****************
skipping: [db1]

TASK [anxs.postgresql : PostgreSQL | PGTune | dnf] *****************************
skipping: [db1]

TASK [anxs.postgresql : PostgreSQL | Extensions | Make sure the postgres contrib extensions are installed | Debian] ***
skipping: [db1]

TASK [anxs.postgresql : PostgreSQL | Extensions | Make sure the postgres contrib extensions are installed | RedHat] ***
skipping: [db1]

TASK [anxs.postgresql : PostgreSQL | Extensions | Make sure the postgres contrib extensions are installed | Fedora] ***
skipping: [db1]

TASK [anxs.postgresql : PostgreSQL | Extensions | Make sure the development headers are installed | Debian] ***
skipping: [db1]

TASK [anxs.postgresql : PostgreSQL | Extensions | Make sure the development headers are installed | RedHat] ***
skipping: [db1]

TASK [anxs.postgresql : PostgreSQL | Extensions | Make sure the development headers are installed | Fedora] ***
skipping: [db1]

TASK [anxs.postgresql : include_vars] ******************************************
skipping: [db1] => (item=/home/dpitts/.ansible/roles/anxs.postgresql/vars/../vars/empty.yml) 

TASK [anxs.postgresql : PostgreSQL | Extensions | Make sure the postgis extensions are installed | Debian] ***
skipping: [db1]

TASK [anxs.postgresql : PostgreSQL | Extensions | Make sure the postgis extensions are installed | RedHat] ***
skipping: [db1]

TASK [anxs.postgresql : PostgreSQL | Extensions | Make sure the postgis extensions are installed | Fedora] ***
skipping: [db1]

TASK [anxs.postgresql : PostgreSQL | FDW | Load OS specific variables] *********
ok: [db1]

TASK [anxs.postgresql : PostgreSQL | FDW | MySQL] ******************************
skipping: [db1]

TASK [anxs.postgresql : PostgreSQL | FDW | OGR] ********************************
skipping: [db1]

TASK [anxs.postgresql : PostgreSQL | Drop the data directory | RedHat] *********
skipping: [db1]

TASK [anxs.postgresql : PostgreSQL | Make sure the postgres data directory exists] ***
ok: [db1]

TASK [anxs.postgresql : PostgreSQL | Make sure the postgres WAL directory exists] ***
skipping: [db1]

TASK [anxs.postgresql : PostgreSQL | Make sure the postgres log directory exists] ***
skipping: [db1]

TASK [anxs.postgresql : PostgreSQL | Ensure the locale for lc_collate and lc_ctype is generated | Debian] ***
skipping: [db1] => (item=en_US.UTF-8) 
skipping: [db1] => (item=en_US.UTF-8) 

TASK [anxs.postgresql : PostgreSQL | Ensure the locale is generated | RedHat] ***
ok: [db1] => (item={u'parts': [u'en_US', u'UTF-8'], u'locale_name': u'en_US.UTF-8'})
ok: [db1] => (item={u'parts': [u'en_US', u'UTF-8'], u'locale_name': u'en_US.UTF-8'})

TASK [anxs.postgresql : PostgreSQL | Stop PostgreSQL | Debian] *****************
skipping: [db1]

TASK [anxs.postgresql : PostgreSQL | Reset the cluster - drop the existing one | Debian] ***
skipping: [db1]

TASK [anxs.postgresql : PostgreSQL | Reset the cluster - create a new one (with specified encoding and locale) | Debian] ***
skipping: [db1]

TASK [anxs.postgresql : PostgreSQL | Update systemd | Debian] ******************
skipping: [db1]

TASK [anxs.postgresql : PostgreSQL | Start PostgreSQL | Debian] ****************
skipping: [db1]

TASK [anxs.postgresql : PostgreSQL | Check whether the postgres data directory is initialized | RedHat] ***
ok: [db1]

TASK [anxs.postgresql : PostgreSQL | Initialize the database | RedHat] *********
[WARNING]: Module remote_tmp /var/lib/pgsql/.ansible/tmp did not exist and was
created with a mode of 0700, this may cause issues when running as another
user. To avoid this, create the remote_tmp dir with the correct permissions
manually
changed: [db1]

TASK [anxs.postgresql : PostgreSQL | Verify postgresql cluster version] ********
ok: [db1]

TASK [anxs.postgresql : PostgreSQL | Ensure configuration directory exists] ****
changed: [db1]

TASK [anxs.postgresql : PostgreSQL | Update configuration - pt. 1 (pg_hba.conf)] ***
changed: [db1]

TASK [anxs.postgresql : PostgreSQL | Update configuration - pt. 2 (postgresql.conf)] ***
changed: [db1]

TASK [anxs.postgresql : PostgreSQL | Update configuration - pt. 3 (pgtune)] ****
skipping: [db1]

TASK [anxs.postgresql : PostgreSQL | Update configuration - pt. 4 (pg_ident.conf)] ***
changed: [db1]

TASK [anxs.postgresql : PostgreSQL | Create folder for additional configuration files] ***
changed: [db1]

TASK [anxs.postgresql : PostgreSQL | Ensure the systemd directory for PostgreSQL exists | RedHat] ***
changed: [db1]

TASK [anxs.postgresql : PostgreSQL | Use the conf directory when starting the Postgres service | RedHat] ***
changed: [db1]

TASK [anxs.postgresql : PostgreSQL | Ensure the pid directory for PostgreSQL exists] ***
changed: [db1]

TASK [anxs.postgresql : PostgreSQL | Reload all conf files] ********************
changed: [db1]

TASK [anxs.postgresql : PostgreSQL | Ensure PostgreSQL is running] *************
ok: [db1]

TASK [anxs.postgresql : PostgreSQL | Make sure the PostgreSQL users are present] ***
skipping: [db1]

TASK [anxs.postgresql : PostgreSQL | Ensure PostgreSQL is running] *************
ok: [db1]

TASK [anxs.postgresql : PostgreSQL | Make sure the PostgreSQL databases are present] ***

TASK [anxs.postgresql : PostgreSQL | Add extensions to the databases] **********

TASK [anxs.postgresql : PostgreSQL | Add hstore to the databases with the requirement] ***

TASK [anxs.postgresql : PostgreSQL | Add uuid-ossp to the database with the requirement] ***

TASK [anxs.postgresql : PostgreSQL | Add postgis to the databases with the requirement] ***

TASK [anxs.postgresql : PostgreSQL | add cube to the database with the requirement] ***

TASK [anxs.postgresql : PostgreSQL | Add plpgsql to the database with the requirement] ***

TASK [anxs.postgresql : PostgreSQL | add earthdistance to the database with the requirement] ***

TASK [anxs.postgresql : PostgreSQL | Add citext to the database with the requirement] ***

TASK [anxs.postgresql : PostgreSQL | Add Schema to databases] ******************

TASK [anxs.postgresql : PostgreSQL | Update the user privileges] ***************

TASK [anxs.postgresql : PostgreSQL | (Monit) Copy the postgresql monit service file] ***
skipping: [db1]

TASK [anxs.postgresql : PostgreSQL | Check binary version] *********************
ok: [db1]

TASK [anxs.postgresql : PostgreSQL | Check database version] *******************
ok: [db1]

TASK [anxs.postgresql : PostgreSQL | Verify binary and database versions match] ***
skipping: [db1]

TASK [Ensure NTP (for time synchronization) is installed.] *********************
changed: [db1]

TASK [Ensure NTP is running.] **************************************************
changed: [db1]

RUNNING HANDLER [anxs.postgresql : restart postgresql] *************************
changed: [db1]

PLAY RECAP *********************************************************************
db1                        : ok=28   changed=16   unreachable=0    failed=0    skipped=53   rescued=0    ignored=0   

ADD EXTRA ALIAS VIA .bashrc
Loaded plugins: fastestmirror
Loading mirror speeds from cached hostfile
 * base: ftp.tudelft.nl
 * epel: mirror.netcologne.de
 * extras: mirror.nl.datapacket.com
 * updates: centos.mirror.liteserver.nl
Package wget-1.14-18.el7_6.1.x86_64 already installed and latest version
Resolving Dependencies
--> Running transaction check
---> Package curl.x86_64 0:7.29.0-57.el7_8.1 will be updated
---> Package curl.x86_64 0:7.29.0-59.el7_9.1 will be an update
--> Processing Dependency: libcurl = 7.29.0-59.el7_9.1 for package: curl-7.29.0-59.el7_9.1.x86_64
---> Package unzip.x86_64 0:6.0-21.el7 will be installed
--> Running transaction check
---> Package libcurl.x86_64 0:7.29.0-57.el7_8.1 will be updated
---> Package libcurl.x86_64 0:7.29.0-59.el7_9.1 will be an update
--> Finished Dependency Resolution

Dependencies Resolved

========================================================================================================================================
 Package                       Arch                         Version                                 Repository                     Size
========================================================================================================================================
Installing:
 unzip                         x86_64                       6.0-21.el7                              base                          171 k
Updating:
 curl                          x86_64                       7.29.0-59.el7_9.1                       updates                       271 k
Updating for dependencies:
 libcurl                       x86_64                       7.29.0-59.el7_9.1                       updates                       223 k

Transaction Summary
========================================================================================================================================
Install  1 Package
Upgrade  1 Package (+1 Dependent package)

Total download size: 665 k
Downloading packages:
Delta RPMs disabled because /usr/bin/applydeltarpm not installed.
(1/3): curl-7.29.0-59.el7_9.1.x86_64.rpm                                                                         | 271 kB  00:00:00     
(2/3): libcurl-7.29.0-59.el7_9.1.x86_64.rpm                                                                      | 223 kB  00:00:00     
(3/3): unzip-6.0-21.el7.x86_64.rpm                                                                               | 171 kB  00:00:00     
----------------------------------------------------------------------------------------------------------------------------------------
Total                                                                                                   2.4 MB/s | 665 kB  00:00:00     
Running transaction check
Running transaction test
Transaction test succeeded
Running transaction
  Updating   : libcurl-7.29.0-59.el7_9.1.x86_64                                                                                     1/5 
  Updating   : curl-7.29.0-59.el7_9.1.x86_64                                                                                        2/5 
  Installing : unzip-6.0-21.el7.x86_64                                                                                              3/5 
  Cleanup    : curl-7.29.0-57.el7_8.1.x86_64                                                                                        4/5 
  Cleanup    : libcurl-7.29.0-57.el7_8.1.x86_64                                                                                     5/5 
  Verifying  : curl-7.29.0-59.el7_9.1.x86_64                                                                                        1/5 
  Verifying  : unzip-6.0-21.el7.x86_64                                                                                              2/5 
  Verifying  : libcurl-7.29.0-59.el7_9.1.x86_64                                                                                     3/5 
  Verifying  : libcurl-7.29.0-57.el7_8.1.x86_64                                                                                     4/5 
  Verifying  : curl-7.29.0-57.el7_8.1.x86_64                                                                                        5/5 

Installed:
  unzip.x86_64 0:6.0-21.el7                                                                                                             

Updated:
  curl.x86_64 0:7.29.0-59.el7_9.1                                                                                                       

Dependency Updated:
  libcurl.x86_64 0:7.29.0-59.el7_9.1                                                                                                    

Complete!
Loaded plugins: fastestmirror
Loading mirror speeds from cached hostfile
 * base: ftp.tudelft.nl
 * epel: mirror.netcologne.de
 * extras: mirror.nl.datapacket.com
 * updates: centos.mirror.liteserver.nl
Resolving Dependencies
--> Running transaction check
---> Package perl.x86_64 4:5.16.3-295.el7 will be updated
---> Package perl.x86_64 4:5.16.3-297.el7 will be an update
--> Processing Dependency: perl-libs = 4:5.16.3-297.el7 for package: 4:perl-5.16.3-297.el7.x86_64
--> Running transaction check
---> Package perl-libs.x86_64 4:5.16.3-295.el7 will be updated
---> Package perl-libs.x86_64 4:5.16.3-297.el7 will be an update
--> Finished Dependency Resolution

Dependencies Resolved

========================================================================================================================================
 Package                         Arch                         Version                                  Repository                  Size
========================================================================================================================================
Updating:
 perl                            x86_64                       4:5.16.3-297.el7                         base                       8.0 M
Updating for dependencies:
 perl-libs                       x86_64                       4:5.16.3-297.el7                         base                       689 k

Transaction Summary
========================================================================================================================================
Upgrade  1 Package (+1 Dependent package)

Total download size: 8.6 M
Downloading packages:
Delta RPMs disabled because /usr/bin/applydeltarpm not installed.
(1/2): perl-libs-5.16.3-297.el7.x86_64.rpm                                                                       | 689 kB  00:00:00     
(2/2): perl-5.16.3-297.el7.x86_64.rpm                                                                            | 8.0 MB  00:00:00     
----------------------------------------------------------------------------------------------------------------------------------------
Total                                                                                                    16 MB/s | 8.6 MB  00:00:00     
Running transaction check
Running transaction test
Transaction test succeeded
Running transaction
  Updating   : 4:perl-libs-5.16.3-297.el7.x86_64                                                                                    1/4 
  Updating   : 4:perl-5.16.3-297.el7.x86_64                                                                                         2/4 
  Cleanup    : 4:perl-libs-5.16.3-295.el7.x86_64                                                                                    3/4 
  Cleanup    : 4:perl-5.16.3-295.el7.x86_64                                                                                         4/4 
  Verifying  : 4:perl-5.16.3-297.el7.x86_64                                                                                         1/4 
  Verifying  : 4:perl-libs-5.16.3-297.el7.x86_64                                                                                    2/4 
  Verifying  : 4:perl-libs-5.16.3-295.el7.x86_64                                                                                    3/4 
  Verifying  : 4:perl-5.16.3-295.el7.x86_64                                                                                         4/4 

Updated:
  perl.x86_64 4:5.16.3-297.el7                                                                                                          

Dependency Updated:
  perl-libs.x86_64 4:5.16.3-297.el7                                                                                                     

Complete!
Loaded plugins: fastestmirror
Loading mirror speeds from cached hostfile
 * base: ftp.tudelft.nl
 * epel: mirror.netcologne.de
 * extras: mirror.nl.datapacket.com
 * updates: centos.mirror.liteserver.nl
Package slony1-11 is obsoleted by slony1_11, trying to install slony1_11-2.2.10-1.rhel7.x86_64 instead
Resolving Dependencies
--> Running transaction check
---> Package slony1_11.x86_64 0:2.2.10-1.rhel7 will be installed
--> Processing Dependency: perl-DBD-Pg for package: slony1_11-2.2.10-1.rhel7.x86_64
--> Processing Dependency: perl(Switch) for package: slony1_11-2.2.10-1.rhel7.x86_64
--> Processing Dependency: perl(DBI) for package: slony1_11-2.2.10-1.rhel7.x86_64
--> Running transaction check
---> Package perl-DBD-Pg.x86_64 0:2.19.3-4.el7 will be installed
--> Processing Dependency: perl(version) for package: perl-DBD-Pg-2.19.3-4.el7.x86_64
---> Package perl-DBI.x86_64 0:1.627-4.el7 will be installed
--> Processing Dependency: perl(RPC::PlServer) >= 0.2001 for package: perl-DBI-1.627-4.el7.x86_64
--> Processing Dependency: perl(RPC::PlClient) >= 0.2000 for package: perl-DBI-1.627-4.el7.x86_64
--> Processing Dependency: perl(Data::Dumper) for package: perl-DBI-1.627-4.el7.x86_64
---> Package perl-Switch.noarch 0:2.16-7.el7 will be installed
--> Running transaction check
---> Package perl-Data-Dumper.x86_64 0:2.145-3.el7 will be installed
---> Package perl-PlRPC.noarch 0:0.2020-14.el7 will be installed
--> Processing Dependency: perl(Net::Daemon) >= 0.13 for package: perl-PlRPC-0.2020-14.el7.noarch
--> Processing Dependency: perl(Net::Daemon::Test) for package: perl-PlRPC-0.2020-14.el7.noarch
--> Processing Dependency: perl(Net::Daemon::Log) for package: perl-PlRPC-0.2020-14.el7.noarch
--> Processing Dependency: perl(Compress::Zlib) for package: perl-PlRPC-0.2020-14.el7.noarch
---> Package perl-version.x86_64 3:0.99.07-6.el7 will be installed
--> Running transaction check
---> Package perl-IO-Compress.noarch 0:2.061-2.el7 will be installed
--> Processing Dependency: perl(Compress::Raw::Zlib) >= 2.061 for package: perl-IO-Compress-2.061-2.el7.noarch
--> Processing Dependency: perl(Compress::Raw::Bzip2) >= 2.061 for package: perl-IO-Compress-2.061-2.el7.noarch
---> Package perl-Net-Daemon.noarch 0:0.48-5.el7 will be installed
--> Running transaction check
---> Package perl-Compress-Raw-Bzip2.x86_64 0:2.061-3.el7 will be installed
---> Package perl-Compress-Raw-Zlib.x86_64 1:2.061-4.el7 will be installed
--> Finished Dependency Resolution

Dependencies Resolved

========================================================================================================================================
 Package                                  Arch                    Version                             Repository                   Size
========================================================================================================================================
Installing:
 slony1_11                                x86_64                  2.2.10-1.rhel7                      postgresql                  281 k
Installing for dependencies:
 perl-Compress-Raw-Bzip2                  x86_64                  2.061-3.el7                         base                         32 k
 perl-Compress-Raw-Zlib                   x86_64                  1:2.061-4.el7                       base                         57 k
 perl-DBD-Pg                              x86_64                  2.19.3-4.el7                        base                        195 k
 perl-DBI                                 x86_64                  1.627-4.el7                         base                        802 k
 perl-Data-Dumper                         x86_64                  2.145-3.el7                         base                         47 k
 perl-IO-Compress                         noarch                  2.061-2.el7                         base                        260 k
 perl-Net-Daemon                          noarch                  0.48-5.el7                          base                         51 k
 perl-PlRPC                               noarch                  0.2020-14.el7                       base                         36 k
 perl-Switch                              noarch                  2.16-7.el7                          base                         22 k
 perl-version                             x86_64                  3:0.99.07-6.el7                     base                         84 k

Transaction Summary
========================================================================================================================================
Install  1 Package (+10 Dependent packages)

Total download size: 1.8 M
Installed size: 4.8 M
Downloading packages:
(1/11): perl-Compress-Raw-Bzip2-2.061-3.el7.x86_64.rpm                                                           |  32 kB  00:00:00     
(2/11): perl-Compress-Raw-Zlib-2.061-4.el7.x86_64.rpm                                                            |  57 kB  00:00:00     
(3/11): perl-DBD-Pg-2.19.3-4.el7.x86_64.rpm                                                                      | 195 kB  00:00:00     
(4/11): perl-Data-Dumper-2.145-3.el7.x86_64.rpm                                                                  |  47 kB  00:00:00     
(5/11): perl-IO-Compress-2.061-2.el7.noarch.rpm                                                                  | 260 kB  00:00:00     
(6/11): perl-DBI-1.627-4.el7.x86_64.rpm                                                                          | 802 kB  00:00:00     
(7/11): perl-Net-Daemon-0.48-5.el7.noarch.rpm                                                                    |  51 kB  00:00:00     
(8/11): perl-PlRPC-0.2020-14.el7.noarch.rpm                                                                      |  36 kB  00:00:00     
(9/11): perl-Switch-2.16-7.el7.noarch.rpm                                                                        |  22 kB  00:00:00     
(10/11): perl-version-0.99.07-6.el7.x86_64.rpm                                                                   |  84 kB  00:00:00     
(11/11): slony1_11-2.2.10-1.rhel7.x86_64.rpm                                                                     | 281 kB  00:00:03     
----------------------------------------------------------------------------------------------------------------------------------------
Total                                                                                                   472 kB/s | 1.8 MB  00:00:03     
Running transaction check
Running transaction test
Transaction test succeeded
Running transaction
  Installing : perl-Compress-Raw-Bzip2-2.061-3.el7.x86_64                                                                          1/11 
  Installing : 1:perl-Compress-Raw-Zlib-2.061-4.el7.x86_64                                                                         2/11 
  Installing : perl-IO-Compress-2.061-2.el7.noarch                                                                                 3/11 
  Installing : perl-Data-Dumper-2.145-3.el7.x86_64                                                                                 4/11 
  Installing : perl-Switch-2.16-7.el7.noarch                                                                                       5/11 
  Installing : perl-Net-Daemon-0.48-5.el7.noarch                                                                                   6/11 
  Installing : perl-PlRPC-0.2020-14.el7.noarch                                                                                     7/11 
  Installing : perl-DBI-1.627-4.el7.x86_64                                                                                         8/11 
  Installing : 3:perl-version-0.99.07-6.el7.x86_64                                                                                 9/11 
  Installing : perl-DBD-Pg-2.19.3-4.el7.x86_64                                                                                    10/11 
  Installing : slony1_11-2.2.10-1.rhel7.x86_64                                                                                    11/11 
  Verifying  : 3:perl-version-0.99.07-6.el7.x86_64                                                                                 1/11 
  Verifying  : perl-Net-Daemon-0.48-5.el7.noarch                                                                                   2/11 
  Verifying  : slony1_11-2.2.10-1.rhel7.x86_64                                                                                     3/11 
  Verifying  : perl-Switch-2.16-7.el7.noarch                                                                                       4/11 
  Verifying  : perl-IO-Compress-2.061-2.el7.noarch                                                                                 5/11 
  Verifying  : perl-Data-Dumper-2.145-3.el7.x86_64                                                                                 6/11 
  Verifying  : 1:perl-Compress-Raw-Zlib-2.061-4.el7.x86_64                                                                         7/11 
  Verifying  : perl-DBD-Pg-2.19.3-4.el7.x86_64                                                                                     8/11 
  Verifying  : perl-DBI-1.627-4.el7.x86_64                                                                                         9/11 
  Verifying  : perl-Compress-Raw-Bzip2-2.061-3.el7.x86_64                                                                         10/11 
  Verifying  : perl-PlRPC-0.2020-14.el7.noarch                                                                                    11/11 

Installed:
  slony1_11.x86_64 0:2.2.10-1.rhel7                                                                                                     

Dependency Installed:
  perl-Compress-Raw-Bzip2.x86_64 0:2.061-3.el7   perl-Compress-Raw-Zlib.x86_64 1:2.061-4.el7   perl-DBD-Pg.x86_64 0:2.19.3-4.el7      
  perl-DBI.x86_64 0:1.627-4.el7                  perl-Data-Dumper.x86_64 0:2.145-3.el7         perl-IO-Compress.noarch 0:2.061-2.el7  
  perl-Net-Daemon.noarch 0:0.48-5.el7            perl-PlRPC.noarch 0:0.2020-14.el7             perl-Switch.noarch 0:2.16-7.el7        
  perl-version.x86_64 3:0.99.07-6.el7           

Complete!
dropping old tables...
NOTICE:  table "pgbench_accounts" does not exist, skipping
NOTICE:  table "pgbench_branches" does not exist, skipping
NOTICE:  table "pgbench_history" does not exist, skipping
NOTICE:  table "pgbench_tellers" does not exist, skipping
creating tables...
generating data...
100000 of 100000 tuples (100%) done (elapsed 0.07 s, remaining 0.00 s)
vacuuming...
creating primary keys...
done.
COMMIT
SET
SET
SET
SET
SET
 set_config 
------------
 
(1 row)

SET
SET
SET
SET
SET
SET
CREATE TABLE
ALTER TABLE
CREATE TABLE
ALTER TABLE
CREATE TABLE
ALTER TABLE
CREATE SEQUENCE
ALTER TABLE
ALTER SEQUENCE
CREATE TABLE
ALTER TABLE
ALTER TABLE
ALTER TABLE
ALTER TABLE
ALTER TABLE
ALTER TABLE
ALTER ROLE
ALTER ROLE
GRANT
GRANT
GRANT
GRANT
createuser: too many command-line arguments (first is "changeme")
Try "createuser --help" for more information.
Loaded plugins: fastestmirror
Loading mirror speeds from cached hostfile
 * base: ftp.tudelft.nl
 * epel: mirror.netcologne.de
 * extras: mirror.nl.datapacket.com
 * updates: centos.mirror.liteserver.nl
Resolving Dependencies
--> Running transaction check
---> Package sysstat.x86_64 0:10.1.5-19.el7 will be installed
--> Processing Dependency: libsensors.so.4()(64bit) for package: sysstat-10.1.5-19.el7.x86_64
--> Running transaction check
---> Package lm_sensors-libs.x86_64 0:3.4.0-8.20160601gitf9185e5.el7 will be installed
--> Finished Dependency Resolution

Dependencies Resolved

========================================================================================================================================
 Package                          Arch                    Version                                           Repository             Size
========================================================================================================================================
Installing:
 sysstat                          x86_64                  10.1.5-19.el7                                     base                  315 k
Installing for dependencies:
 lm_sensors-libs                  x86_64                  3.4.0-8.20160601gitf9185e5.el7                    base                   42 k

Transaction Summary
========================================================================================================================================
Install  1 Package (+1 Dependent package)

Total download size: 357 k
Installed size: 1.2 M
Downloading packages:
(1/2): lm_sensors-libs-3.4.0-8.20160601gitf9185e5.el7.x86_64.rpm                                                 |  42 kB  00:00:00     
(2/2): sysstat-10.1.5-19.el7.x86_64.rpm                                                                          | 315 kB  00:00:00     
----------------------------------------------------------------------------------------------------------------------------------------
Total                                                                                                   1.1 MB/s | 357 kB  00:00:00     
Running transaction check
Running transaction test
Transaction test succeeded
Running transaction
  Installing : lm_sensors-libs-3.4.0-8.20160601gitf9185e5.el7.x86_64                                                                1/2 
  Installing : sysstat-10.1.5-19.el7.x86_64                                                                                         2/2 
  Verifying  : sysstat-10.1.5-19.el7.x86_64                                                                                         1/2 
  Verifying  : lm_sensors-libs-3.4.0-8.20160601gitf9185e5.el7.x86_64                                                                2/2 

Installed:
  sysstat.x86_64 0:10.1.5-19.el7                                                                                                        

Dependency Installed:
  lm_sensors-libs.x86_64 0:3.4.0-8.20160601gitf9185e5.el7                                                                               

Complete!
/vagrant/root_cronjob_monitoring_sysstat_plus_custom_pgmon.txt: No such file or directory
● postgresql-11.service - PostgreSQL 11 database server
   Loaded: loaded (/usr/lib/systemd/system/postgresql-11.service; enabled; vendor preset: disabled)
  Drop-In: /etc/systemd/system/postgresql-11.service.d
           └─custom.conf
   Active: active (running) since di 2021-01-26 10:46:22 UTC; 7ms ago
     Docs: https://www.postgresql.org/docs/11/static/
  Process: 5825 ExecStartPre=/usr/pgsql-11/bin/postgresql-11-check-db-dir /var/lib/pgsql/11/data (code=exited, status=0/SUCCESS)
 Main PID: 5830 (postmaster)
   CGroup: /system.slice/postgresql-11.service
           ├─5830 /usr/pgsql-11/bin/postmaster -D /etc/postgresql/11/data
           ├─5833 postgres: data: checkpointer   
           ├─5834 postgres: data: background writer   
           ├─5835 postgres: data: walwriter   
           ├─5836 postgres: data: autovacuum launcher   
           ├─5837 postgres: data: stats collector   
           └─5838 postgres: data: logical replication launcher   

jan 26 10:46:22 pgnode1 systemd[1]: Starting PostgreSQL 11 database server...
jan 26 10:46:22 pgnode1 postmaster[5830]: 2021-01-26 10:46:22 UTC LOG:  listening on IPv6 address "::1", port 5432
jan 26 10:46:22 pgnode1 postmaster[5830]: 2021-01-26 10:46:22 UTC LOG:  listening on IPv4 address "127.0.0.1", port 5432
jan 26 10:46:22 pgnode1 postmaster[5830]: 2021-01-26 10:46:22 UTC LOG:  listening on Unix socket "/var/run/postgresql/.s.PGSQL.5432"
jan 26 10:46:22 pgnode1 postmaster[5830]: 2021-01-26 10:46:22 UTC LOG:  listening on Unix socket "/tmp/.s.PGSQL.5432"
jan 26 10:46:22 pgnode1 postmaster[5830]: 2021-01-26 10:46:22 UTC LOG:  database system was shut down at 2021-01-26 10:46:22 UTC
jan 26 10:46:22 pgnode1 postmaster[5830]: 2021-01-26 10:46:22 UTC LOG:  database system is ready to accept connections
jan 26 10:46:22 pgnode1 systemd[1]: Started PostgreSQL 11 database server.
nohup: appending output to ‘nohup.out’
nohup: appending output to ‘nohup.out’
Connection to 127.0.0.1 closed.
 count 
-------
     1
(1 row)

Connection to 127.0.0.1 closed.
 11:46:30 up 31 days,  1:39,  4 users,  load average: 0,79, 0,61, 0,44
